c:\program files\infowatch\devicemonitor\client\logs\print\printlogverbose_[link.exe__9156__2025.2.15_10.47.32].txt
c:\program files\infowatch\devicemonitor\client\logs\detours\hookapidetourslogverbose_[link.exe__9156__2025.2.15_10.47.32].txt
c:\program files\infowatch\devicemonitor\client\logs\clipboard\clipboardmonitorlogverbose_[link.exe__9156__2025.2.15_10.47.32].txt
c:\program files\infowatch\devicemonitor\client\logs\copymove\copymovelogverbose_[link.exe__9156__2025.2.15_10.47.32].txt
c:\program files\infowatch\devicemonitor\client\logs\mtp\mtplogverbose_[link.exe_9156__2025.2.15_10.47.32].txt
c:\program files\infowatch\devicemonitor\client\logs\soundcapture\soundcapturelogverbose_[link.exe__9156__2025.2.15_10.47.32].txt
c:\users\class\desktop\123\lb 1 (zemtsov)\debug\lb 1 (zemtsov).ilk
c:\users\class\desktop\123\lb 1 (zemtsov)\debug\lb 1 (zemtsov).exe
c:\program files\infowatch\devicemonitor\client\logs\print\printlogverbose_[cvtres.exe__13184__2025.2.15_10.47.32].txt
c:\program files\infowatch\devicemonitor\client\logs\detours\hookapidetourslogverbose_[cvtres.exe__13184__2025.2.15_10.47.32].txt
c:\program files\infowatch\devicemonitor\client\logs\clipboard\clipboardmonitorlogverbose_[cvtres.exe__13184__2025.2.15_10.47.32].txt
c:\program files\infowatch\devicemonitor\client\logs\copymove\copymovelogverbose_[cvtres.exe__13184__2025.2.15_10.47.32].txt
c:\program files\infowatch\devicemonitor\client\logs\mtp\mtplogverbose_[cvtres.exe_13184__2025.2.15_10.47.32].txt
c:\program files\infowatch\devicemonitor\client\logs\soundcapture\soundcapturelogverbose_[cvtres.exe__13184__2025.2.15_10.47.32].txt
c:\program files\infowatch\devicemonitor\client\logs\print\printlogverbose_[rc.exe__14080__2025.2.15_10.47.32].txt
c:\program files\infowatch\devicemonitor\client\logs\detours\hookapidetourslogverbose_[rc.exe__14080__2025.2.15_10.47.32].txt
c:\program files\infowatch\devicemonitor\client\logs\clipboard\clipboardmonitorlogverbose_[rc.exe__14080__2025.2.15_10.47.32].txt
c:\program files\infowatch\devicemonitor\client\logs\copymove\copymovelogverbose_[rc.exe__14080__2025.2.15_10.47.32].txt
c:\program files\infowatch\devicemonitor\client\logs\mtp\mtplogverbose_[rc.exe_14080__2025.2.15_10.47.32].txt
c:\program files\infowatch\devicemonitor\client\logs\soundcapture\soundcapturelogverbose_[rc.exe__14080__2025.2.15_10.47.32].txt
c:\users\class\desktop\123\lb 1 (zemtsov)\debug\lb 1 (zemtsov).pdb
c:\users\class\desktop\123\lb 1 (zemtsov)\debug\source.obj
c:\users\class\desktop\123\lb 1 (zemtsov)\debug\lb 1 (zemtsov).tlog\link.command.1.tlog
c:\users\class\desktop\123\lb 1 (zemtsov)\debug\lb 1 (zemtsov).tlog\link.read.1.tlog
c:\users\class\desktop\123\lb 1 (zemtsov)\debug\lb 1 (zemtsov).tlog\link.write.1.tlog
c:\users\class\desktop\123\lb 1 (zemtsov)\debug\lb 1 (zemtsov).tlog\masm.read.1u.tlog
c:\users\class\desktop\123\lb 1 (zemtsov)\debug\lb 1 (zemtsov).tlog\masm.write.1u.tlog
