c:\program files\infowatch\devicemonitor\client\logs\print\printlogverbose_[cl.exe__1444__2025.4.5_12.32.52].txt
c:\program files\infowatch\devicemonitor\client\logs\detours\hookapidetourslogverbose_[cl.exe__1444__2025.4.5_12.32.52].txt
c:\program files\infowatch\devicemonitor\client\logs\clipboard\clipboardmonitorlogverbose_[cl.exe__1444__2025.4.5_12.32.52].txt
c:\program files\infowatch\devicemonitor\client\logs\copymove\copymovelogverbose_[cl.exe__1444__2025.4.5_12.32.52].txt
c:\program files\infowatch\devicemonitor\client\logs\mtp\mtplogverbose_[cl.exe_1444__2025.4.5_12.32.52].txt
c:\program files\infowatch\devicemonitor\client\logs\soundcapture\soundcapturelogverbose_[cl.exe__1444__2025.4.5_12.32.52].txt
c:\users\class\desktop\цу (земцов)\lb 4 (zemtsov)\debug\vc143.pdb
c:\users\class\desktop\цу (земцов)\lb 4 (zemtsov)\debug\vc143.idb
c:\users\class\desktop\цу (земцов)\lb 4 (zemtsov)\debug\c_module.obj
c:\program files\infowatch\devicemonitor\client\logs\print\printlogverbose_[cl.exe__10664__2025.4.5_12.32.53].txt
c:\program files\infowatch\devicemonitor\client\logs\detours\hookapidetourslogverbose_[cl.exe__10664__2025.4.5_12.32.53].txt
c:\program files\infowatch\devicemonitor\client\logs\clipboard\clipboardmonitorlogverbose_[cl.exe__10664__2025.4.5_12.32.53].txt
c:\program files\infowatch\devicemonitor\client\logs\copymove\copymovelogverbose_[cl.exe__10664__2025.4.5_12.32.53].txt
c:\program files\infowatch\devicemonitor\client\logs\mtp\mtplogverbose_[cl.exe_10664__2025.4.5_12.32.53].txt
c:\program files\infowatch\devicemonitor\client\logs\soundcapture\soundcapturelogverbose_[cl.exe__10664__2025.4.5_12.32.53].txt
c:\users\class\desktop\цу (земцов)\lb 4 (zemtsov)\debug\main.obj
c:\program files\infowatch\devicemonitor\client\logs\print\printlogverbose_[link.exe__16136__2025.4.5_12.43.56].txt
c:\program files\infowatch\devicemonitor\client\logs\detours\hookapidetourslogverbose_[link.exe__16136__2025.4.5_12.43.56].txt
c:\program files\infowatch\devicemonitor\client\logs\clipboard\clipboardmonitorlogverbose_[link.exe__16136__2025.4.5_12.43.56].txt
c:\program files\infowatch\devicemonitor\client\logs\copymove\copymovelogverbose_[link.exe__16136__2025.4.5_12.43.56].txt
c:\program files\infowatch\devicemonitor\client\logs\mtp\mtplogverbose_[link.exe_16136__2025.4.5_12.43.56].txt
c:\program files\infowatch\devicemonitor\client\logs\soundcapture\soundcapturelogverbose_[link.exe__16136__2025.4.5_12.43.56].txt
c:\users\class\desktop\цу (земцов)\lb 4 (zemtsov)\debug\lb 1 (zemtsov).exe
c:\users\class\desktop\цу (земцов)\lb 4 (zemtsov)\debug\lb 1 (zemtsov).ilk
c:\users\class\desktop\цу (земцов)\lb 4 (zemtsov)\debug\lb 1 (zemtsov).pdb
c:\users\class\desktop\цу (земцов)\lb 4 (zemtsov)\debug\asm_module.obj
c:\users\class\desktop\цу (земцов)\lb 4 (zemtsov)\debug\lb 1 (zemtsov).tlog\cl.command.1.tlog
c:\users\class\desktop\цу (земцов)\lb 4 (zemtsov)\debug\lb 1 (zemtsov).tlog\cl.items.tlog
c:\users\class\desktop\цу (земцов)\lb 4 (zemtsov)\debug\lb 1 (zemtsov).tlog\cl.read.1.tlog
c:\users\class\desktop\цу (земцов)\lb 4 (zemtsov)\debug\lb 1 (zemtsov).tlog\cl.write.1.tlog
c:\users\class\desktop\цу (земцов)\lb 4 (zemtsov)\debug\lb 1 (zemtsov).tlog\link.command.1.tlog
c:\users\class\desktop\цу (земцов)\lb 4 (zemtsov)\debug\lb 1 (zemtsov).tlog\link.read.1.tlog
c:\users\class\desktop\цу (земцов)\lb 4 (zemtsov)\debug\lb 1 (zemtsov).tlog\link.write.1.tlog
c:\users\class\desktop\цу (земцов)\lb 4 (zemtsov)\debug\lb 1 (zemtsov).tlog\masm.read.1u.tlog
c:\users\class\desktop\цу (земцов)\lb 4 (zemtsov)\debug\lb 1 (zemtsov).tlog\masm.write.1u.tlog
