c:\program files\infowatch\devicemonitor\client\logs\print\printlogverbose_[link.exe__13044__2025.3.15_11.58.57].txt
c:\program files\infowatch\devicemonitor\client\logs\detours\hookapidetourslogverbose_[link.exe__13044__2025.3.15_11.58.57].txt
c:\program files\infowatch\devicemonitor\client\logs\clipboard\clipboardmonitorlogverbose_[link.exe__13044__2025.3.15_11.58.57].txt
c:\program files\infowatch\devicemonitor\client\logs\copymove\copymovelogverbose_[link.exe__13044__2025.3.15_11.58.57].txt
c:\program files\infowatch\devicemonitor\client\logs\mtp\mtplogverbose_[link.exe_13044__2025.3.15_11.58.57].txt
c:\program files\infowatch\devicemonitor\client\logs\soundcapture\soundcapturelogverbose_[link.exe__13044__2025.3.15_11.58.57].txt
c:\users\class\desktop\lb 3 (zemtsov)\debug\lb 1 (zemtsov).ilk
c:\users\class\desktop\lb 3 (zemtsov)\debug\lb 1 (zemtsov).exe
c:\program files\infowatch\devicemonitor\client\logs\print\printlogverbose_[cvtres.exe__3844__2025.3.15_11.58.57].txt
c:\program files\infowatch\devicemonitor\client\logs\detours\hookapidetourslogverbose_[cvtres.exe__3844__2025.3.15_11.58.57].txt
c:\program files\infowatch\devicemonitor\client\logs\clipboard\clipboardmonitorlogverbose_[cvtres.exe__3844__2025.3.15_11.58.57].txt
c:\program files\infowatch\devicemonitor\client\logs\copymove\copymovelogverbose_[cvtres.exe__3844__2025.3.15_11.58.57].txt
c:\program files\infowatch\devicemonitor\client\logs\mtp\mtplogverbose_[cvtres.exe_3844__2025.3.15_11.58.57].txt
c:\program files\infowatch\devicemonitor\client\logs\soundcapture\soundcapturelogverbose_[cvtres.exe__3844__2025.3.15_11.58.57].txt
c:\program files\infowatch\devicemonitor\client\logs\print\printlogverbose_[rc.exe__3176__2025.3.15_11.58.57].txt
c:\program files\infowatch\devicemonitor\client\logs\detours\hookapidetourslogverbose_[rc.exe__3176__2025.3.15_11.58.57].txt
c:\program files\infowatch\devicemonitor\client\logs\clipboard\clipboardmonitorlogverbose_[rc.exe__3176__2025.3.15_11.58.57].txt
c:\program files\infowatch\devicemonitor\client\logs\copymove\copymovelogverbose_[rc.exe__3176__2025.3.15_11.58.57].txt
c:\program files\infowatch\devicemonitor\client\logs\mtp\mtplogverbose_[rc.exe_3176__2025.3.15_11.58.57].txt
c:\program files\infowatch\devicemonitor\client\logs\soundcapture\soundcapturelogverbose_[rc.exe__3176__2025.3.15_11.58.57].txt
c:\users\class\desktop\lb 3 (zemtsov)\debug\lb 1 (zemtsov).pdb
c:\users\class\desktop\lb 3 (zemtsov)\debug\source.obj
c:\users\class\desktop\lb 3 (zemtsov)\debug\lb 1 (zemtsov).tlog\link.command.1.tlog
c:\users\class\desktop\lb 3 (zemtsov)\debug\lb 1 (zemtsov).tlog\link.read.1.tlog
c:\users\class\desktop\lb 3 (zemtsov)\debug\lb 1 (zemtsov).tlog\link.write.1.tlog
c:\users\class\desktop\lb 3 (zemtsov)\debug\lb 1 (zemtsov).tlog\masm.read.1u.tlog
c:\users\class\desktop\lb 3 (zemtsov)\debug\lb 1 (zemtsov).tlog\masm.write.1u.tlog
